This file contains any messages produced by compilers while
running configure, to aid debugging if configure makes a mistake.

It was created by logreplay configure 0.02, which was
generated by GNU Autoconf 2.59.  Invocation command line was

  $ ./configure CC=colorgcc --no-create --no-recursion

## --------- ##
## Platform. ##
## --------- ##

hostname = vm0
uname -m = i686
uname -r = 2.6.26-1-686
uname -s = Linux
uname -v = #1 SMP Fri Mar 13 18:08:45 UTC 2009

/usr/bin/uname -p = unknown
/bin/uname -X     = unknown

/bin/arch              = unknown
/usr/bin/arch -k       = unknown
/usr/convex/getsysinfo = unknown
hostinfo               = unknown
/bin/machine           = unknown
/usr/bin/oslevel       = unknown
/bin/universe          = unknown

PATH: /home/galtekar/bin
PATH: /usr/local/bin
PATH: /usr/bin
PATH: /bin
PATH: /usr/games
PATH: /usr//bin
PATH: /home/galtekar/src/logreplay/trunk/console
PATH: /home/galtekar/src/logreplay/trunk/debugger
PATH: /home/galtekar/src/hadoop-0.20.1/bin
PATH: /usr//bin
PATH: /home/galtekar/src/logreplay/trunk/console
PATH: /home/galtekar/src/logreplay/trunk/debugger
PATH: /home/galtekar/src/hadoop-0.20.1/bin


## ----------- ##
## Core tests. ##
## ----------- ##

configure:1562: checking for a BSD-compatible install
configure:1617: result: /usr/bin/install -c
configure:1628: checking whether build environment is sane
configure:1671: result: yes
configure:1736: checking for gawk
configure:1752: found /usr/bin/gawk
configure:1762: result: gawk
configure:1772: checking whether make sets $(MAKE)
configure:1792: result: yes
configure:1974: checking for style of include used by make
configure:2002: result: GNU
configure:2073: checking for gcc
configure:2099: result: colorgcc
configure:2343: checking for C compiler version
configure:2346: colorgcc --version </dev/null >&5
gcc (GCC) 4.1.3 20080704 (prerelease) (Debian 4.1.2-25)
Copyright (C) 2006 Free Software Foundation, Inc.
This is free software; see the source for copying conditions.  There is NO
warranty; not even for MERCHANTABILITY or FITNESS FOR A PARTICULAR PURPOSE.

configure:2349: $? = 0
configure:2351: colorgcc -v </dev/null >&5
Using built-in specs.
Target: i486-linux-gnu
Configured with: ../src/configure -v --enable-languages=c,c++ --prefix=/usr --enable-shared --with-system-zlib --libexecdir=/usr/lib --without-included-gettext --enable-threads=posix --enable-nls --with-gxx-include-dir=/usr/include/c++/4.1.3 --program-suffix=-4.1 --enable-__cxa_atexit --enable-clocale=gnu --enable-libstdcxx-debug --with-tune=generic --enable-checking=release i486-linux-gnu
Thread model: posix
gcc version 4.1.3 20080704 (prerelease) (Debian 4.1.2-25)
configure:2354: $? = 0
configure:2356: colorgcc -V </dev/null >&5
gcc: '-V' option must have argument
configure:2359: $? = 1
configure:2382: checking for C compiler default output file name
configure:2385: colorgcc    conftest.c  >&5
configure:2388: $? = 0
configure:2434: result: a.out
configure:2439: checking whether the C compiler works
configure:2445: ./a.out
configure:2448: $? = 0
configure:2465: result: yes
configure:2472: checking whether we are cross compiling
configure:2474: result: no
configure:2477: checking for suffix of executables
configure:2479: colorgcc -o conftest    conftest.c  >&5
configure:2482: $? = 0
configure:2507: result: 
configure:2513: checking for suffix of object files
configure:2534: colorgcc -c   conftest.c >&5
configure:2537: $? = 0
configure:2559: result: o
configure:2563: checking whether we are using the GNU C compiler
configure:2587: colorgcc -c   conftest.c >&5
configure:2593: $? = 0
configure:2597: test -z 
			 || test ! -s conftest.err
configure:2600: $? = 0
configure:2603: test -s conftest.o
configure:2606: $? = 0
configure:2619: result: yes
configure:2625: checking whether colorgcc accepts -g
configure:2646: colorgcc -c -g  conftest.c >&5
configure:2652: $? = 0
configure:2656: test -z 
			 || test ! -s conftest.err
configure:2659: $? = 0
configure:2662: test -s conftest.o
configure:2665: $? = 0
configure:2676: result: yes
configure:2693: checking for colorgcc option to accept ANSI C
configure:2763: colorgcc  -c -g -O2  conftest.c >&5
configure:2769: $? = 0
configure:2773: test -z 
			 || test ! -s conftest.err
configure:2776: $? = 0
configure:2779: test -s conftest.o
configure:2782: $? = 0
configure:2800: result: none needed
configure:2818: colorgcc -c -g -O2  conftest.c >&5
conftest.c:2: error: expected '=', ',', ';', 'asm' or '__attribute__' before 'me'
configure:2824: $? = 1
configure: failed program was:
| #ifndef __cplusplus
|   choke me
| #endif
configure:2959: checking dependency style of colorgcc
configure:3049: result: gcc3
configure:3130: checking for g++
configure:3146: found /usr/bin/g++
configure:3156: result: g++
configure:3172: checking for C++ compiler version
configure:3175: g++ --version </dev/null >&5
g++ (Debian 4.3.2-1.1) 4.3.2
Copyright (C) 2008 Free Software Foundation, Inc.
This is free software; see the source for copying conditions.  There is NO
warranty; not even for MERCHANTABILITY or FITNESS FOR A PARTICULAR PURPOSE.

configure:3178: $? = 0
configure:3180: g++ -v </dev/null >&5
Using built-in specs.
Target: i486-linux-gnu
Configured with: ../src/configure -v --with-pkgversion='Debian 4.3.2-1.1' --with-bugurl=file:///usr/share/doc/gcc-4.3/README.Bugs --enable-languages=c,c++,fortran,objc,obj-c++ --prefix=/usr --enable-shared --with-system-zlib --libexecdir=/usr/lib --without-included-gettext --enable-threads=posix --enable-nls --with-gxx-include-dir=/usr/include/c++/4.3 --program-suffix=-4.3 --enable-clocale=gnu --enable-libstdcxx-debug --enable-objc-gc --enable-mpfr --enable-targets=all --enable-cld --enable-checking=release --build=i486-linux-gnu --host=i486-linux-gnu --target=i486-linux-gnu
Thread model: posix
gcc version 4.3.2 (Debian 4.3.2-1.1) 
configure:3183: $? = 0
configure:3185: g++ -V </dev/null >&5
g++: '-V' option must have argument
configure:3188: $? = 1
configure:3191: checking whether we are using the GNU C++ compiler
configure:3215: g++ -c   conftest.cc >&5
configure:3221: $? = 0
configure:3225: test -z 
			 || test ! -s conftest.err
configure:3228: $? = 0
configure:3231: test -s conftest.o
configure:3234: $? = 0
configure:3247: result: yes
configure:3253: checking whether g++ accepts -g
configure:3274: g++ -c -g  conftest.cc >&5
configure:3280: $? = 0
configure:3284: test -z 
			 || test ! -s conftest.err
configure:3287: $? = 0
configure:3290: test -s conftest.o
configure:3293: $? = 0
configure:3304: result: yes
configure:3346: g++ -c -g -O2  conftest.cc >&5
configure:3352: $? = 0
configure:3356: test -z 
			 || test ! -s conftest.err
configure:3359: $? = 0
configure:3362: test -s conftest.o
configure:3365: $? = 0
configure:3391: g++ -c -g -O2  conftest.cc >&5
conftest.cc: In function 'int main()':
conftest.cc:15: error: 'exit' was not declared in this scope
configure:3397: $? = 1
configure: failed program was:
| /* confdefs.h.  */
| 
| #define PACKAGE_NAME "logreplay"
| #define PACKAGE_TARNAME "logreplay"
| #define PACKAGE_VERSION "0.02"
| #define PACKAGE_STRING "logreplay 0.02"
| #define PACKAGE_BUGREPORT "odb@cs.berkeley.edu"
| #define PACKAGE "logreplay"
| #define VERSION "0.02"
| /* end confdefs.h.  */
| 
| int
| main ()
| {
| exit (42);
|   ;
|   return 0;
| }
configure:3346: g++ -c -g -O2  conftest.cc >&5
conftest.cc:11: error: 'void std::exit(int)' should have been declared inside 'std'
configure:3352: $? = 1
configure: failed program was:
| /* confdefs.h.  */
| 
| #define PACKAGE_NAME "logreplay"
| #define PACKAGE_TARNAME "logreplay"
| #define PACKAGE_VERSION "0.02"
| #define PACKAGE_STRING "logreplay 0.02"
| #define PACKAGE_BUGREPORT "odb@cs.berkeley.edu"
| #define PACKAGE "logreplay"
| #define VERSION "0.02"
| /* end confdefs.h.  */
| extern "C" void std::exit (int) throw (); using std::exit;
| #include <stdlib.h>
| int
| main ()
| {
| exit (42);
|   ;
|   return 0;
| }
configure:3346: g++ -c -g -O2  conftest.cc >&5
conftest.cc:11: error: 'void std::exit(int)' should have been declared inside 'std'
In file included from conftest.cc:12:
/usr/include/stdlib.h:531: error: declaration of 'void std::exit(int) throw ()' throws different exceptions
conftest.cc:11: error: from previous declaration 'void std::exit(int)'
configure:3352: $? = 1
configure: failed program was:
| /* confdefs.h.  */
| 
| #define PACKAGE_NAME "logreplay"
| #define PACKAGE_TARNAME "logreplay"
| #define PACKAGE_VERSION "0.02"
| #define PACKAGE_STRING "logreplay 0.02"
| #define PACKAGE_BUGREPORT "odb@cs.berkeley.edu"
| #define PACKAGE "logreplay"
| #define VERSION "0.02"
| /* end confdefs.h.  */
| extern "C" void std::exit (int); using std::exit;
| #include <stdlib.h>
| int
| main ()
| {
| exit (42);
|   ;
|   return 0;
| }
configure:3346: g++ -c -g -O2  conftest.cc >&5
configure:3352: $? = 0
configure:3356: test -z 
			 || test ! -s conftest.err
configure:3359: $? = 0
configure:3362: test -s conftest.o
configure:3365: $? = 0
configure:3391: g++ -c -g -O2  conftest.cc >&5
configure:3397: $? = 0
configure:3401: test -z 
			 || test ! -s conftest.err
configure:3404: $? = 0
configure:3407: test -s conftest.o
configure:3410: $? = 0
configure:3435: checking dependency style of g++
configure:3525: result: gcc3
configure:3588: checking for gcc
configure:3614: result: colorgcc
configure:3858: checking for C compiler version
configure:3861: colorgcc --version </dev/null >&5
gcc (GCC) 4.1.3 20080704 (prerelease) (Debian 4.1.2-25)
Copyright (C) 2006 Free Software Foundation, Inc.
This is free software; see the source for copying conditions.  There is NO
warranty; not even for MERCHANTABILITY or FITNESS FOR A PARTICULAR PURPOSE.

configure:3864: $? = 0
configure:3866: colorgcc -v </dev/null >&5
Using built-in specs.
Target: i486-linux-gnu
Configured with: ../src/configure -v --enable-languages=c,c++ --prefix=/usr --enable-shared --with-system-zlib --libexecdir=/usr/lib --without-included-gettext --enable-threads=posix --enable-nls --with-gxx-include-dir=/usr/include/c++/4.1.3 --program-suffix=-4.1 --enable-__cxa_atexit --enable-clocale=gnu --enable-libstdcxx-debug --with-tune=generic --enable-checking=release i486-linux-gnu
Thread model: posix
gcc version 4.1.3 20080704 (prerelease) (Debian 4.1.2-25)
configure:3869: $? = 0
configure:3871: colorgcc -V </dev/null >&5
gcc: '-V' option must have argument
configure:3874: $? = 1
configure:3877: checking whether we are using the GNU C compiler
configure:3933: result: yes
configure:3939: checking whether colorgcc accepts -g
configure:3990: result: yes
configure:4007: checking for colorgcc option to accept ANSI C
configure:4114: result: none needed
configure:4132: colorgcc -c -g -Wall  conftest.c >&5
conftest.c:2: error: expected '=', ',', ';', 'asm' or '__attribute__' before 'me'
configure:4138: $? = 1
configure: failed program was:
| #ifndef __cplusplus
|   choke me
| #endif
configure:4273: checking dependency style of colorgcc
configure:4363: result: gcc3
configure:4385: checking how to run the C preprocessor
configure:4420: colorgcc -E  conftest.c
configure:4426: $? = 0
configure:4458: colorgcc -E  conftest.c
conftest.c:14:28: error: ac_nonexistent.h: No such file or directory
configure:4464: $? = 1
configure: failed program was:
| /* confdefs.h.  */
| 
| #define PACKAGE_NAME "logreplay"
| #define PACKAGE_TARNAME "logreplay"
| #define PACKAGE_VERSION "0.02"
| #define PACKAGE_STRING "logreplay 0.02"
| #define PACKAGE_BUGREPORT "odb@cs.berkeley.edu"
| #define PACKAGE "logreplay"
| #define VERSION "0.02"
| #ifdef __cplusplus
| extern "C" void exit (int) throw ();
| #endif
| /* end confdefs.h.  */
| #include <ac_nonexistent.h>
configure:4503: result: colorgcc -E
configure:4527: colorgcc -E  conftest.c
configure:4533: $? = 0
configure:4565: colorgcc -E  conftest.c
conftest.c:14:28: error: ac_nonexistent.h: No such file or directory
configure:4571: $? = 1
configure: failed program was:
| /* confdefs.h.  */
| 
| #define PACKAGE_NAME "logreplay"
| #define PACKAGE_TARNAME "logreplay"
| #define PACKAGE_VERSION "0.02"
| #define PACKAGE_STRING "logreplay 0.02"
| #define PACKAGE_BUGREPORT "odb@cs.berkeley.edu"
| #define PACKAGE "logreplay"
| #define VERSION "0.02"
| #ifdef __cplusplus
| extern "C" void exit (int) throw ();
| #endif
| /* end confdefs.h.  */
| #include <ac_nonexistent.h>
configure:4627: checking for a BSD-compatible install
configure:4682: result: /usr/bin/install -c
configure:4693: checking whether ln -s works
configure:4697: result: yes
configure:4704: checking whether make sets $(MAKE)
configure:4724: result: yes
configure:4811: checking build system type
configure:4829: result: i686-pc-linux-gnu
configure:4837: checking host system type
configure:4851: result: i686-pc-linux-gnu
configure:4859: checking for a sed that does not truncate output
configure:4913: result: /bin/sed
configure:4916: checking for egrep
configure:4926: result: grep -E
configure:4942: checking for ld used by colorgcc
configure:5009: result: /usr/bin/ld
configure:5018: checking if the linker (/usr/bin/ld) is GNU ld
configure:5033: result: yes
configure:5038: checking for /usr/bin/ld option to reload object files
configure:5045: result: -r
configure:5063: checking for BSD-compatible nm
configure:5105: result: /usr/bin/nm -B
configure:5109: checking how to recognise dependent libraries
configure:5281: result: pass_all
configure:5491: checking for ANSI C header files
configure:5516: colorgcc -c -g -Wall  conftest.c >&5
configure:5522: $? = 0
configure:5526: test -z 
			 || test ! -s conftest.err
configure:5529: $? = 0
configure:5532: test -s conftest.o
configure:5535: $? = 0
configure:5624: colorgcc -o conftest -g -Wall   conftest.c  >&5
conftest.c: In function 'main':
conftest.c:31: warning: implicit declaration of function 'exit'
conftest.c:31: warning: incompatible implicit declaration of built-in function 'exit'
configure:5627: $? = 0
configure:5629: ./conftest
configure:5632: $? = 0
configure:5647: result: yes
configure:5671: checking for sys/types.h
configure:5687: colorgcc -c -g -Wall  conftest.c >&5
configure:5693: $? = 0
configure:5697: test -z 
			 || test ! -s conftest.err
configure:5700: $? = 0
configure:5703: test -s conftest.o
configure:5706: $? = 0
configure:5717: result: yes
configure:5671: checking for sys/stat.h
configure:5687: colorgcc -c -g -Wall  conftest.c >&5
configure:5693: $? = 0
configure:5697: test -z 
			 || test ! -s conftest.err
configure:5700: $? = 0
configure:5703: test -s conftest.o
configure:5706: $? = 0
configure:5717: result: yes
configure:5671: checking for stdlib.h
configure:5687: colorgcc -c -g -Wall  conftest.c >&5
configure:5693: $? = 0
configure:5697: test -z 
			 || test ! -s conftest.err
configure:5700: $? = 0
configure:5703: test -s conftest.o
configure:5706: $? = 0
configure:5717: result: yes
configure:5671: checking for string.h
configure:5687: colorgcc -c -g -Wall  conftest.c >&5
configure:5693: $? = 0
configure:5697: test -z 
			 || test ! -s conftest.err
configure:5700: $? = 0
configure:5703: test -s conftest.o
configure:5706: $? = 0
configure:5717: result: yes
configure:5671: checking for memory.h
configure:5687: colorgcc -c -g -Wall  conftest.c >&5
configure:5693: $? = 0
configure:5697: test -z 
			 || test ! -s conftest.err
configure:5700: $? = 0
configure:5703: test -s conftest.o
configure:5706: $? = 0
configure:5717: result: yes
configure:5671: checking for strings.h
configure:5687: colorgcc -c -g -Wall  conftest.c >&5
configure:5693: $? = 0
configure:5697: test -z 
			 || test ! -s conftest.err
configure:5700: $? = 0
configure:5703: test -s conftest.o
configure:5706: $? = 0
configure:5717: result: yes
configure:5671: checking for inttypes.h
configure:5687: colorgcc -c -g -Wall  conftest.c >&5
configure:5693: $? = 0
configure:5697: test -z 
			 || test ! -s conftest.err
configure:5700: $? = 0
configure:5703: test -s conftest.o
configure:5706: $? = 0
configure:5717: result: yes
configure:5671: checking for stdint.h
configure:5687: colorgcc -c -g -Wall  conftest.c >&5
configure:5693: $? = 0
configure:5697: test -z 
			 || test ! -s conftest.err
configure:5700: $? = 0
configure:5703: test -s conftest.o
configure:5706: $? = 0
configure:5717: result: yes
configure:5671: checking for unistd.h
configure:5687: colorgcc -c -g -Wall  conftest.c >&5
configure:5693: $? = 0
configure:5697: test -z 
			 || test ! -s conftest.err
configure:5700: $? = 0
configure:5703: test -s conftest.o
configure:5706: $? = 0
configure:5717: result: yes
configure:5743: checking dlfcn.h usability
configure:5755: colorgcc -c -g -Wall  conftest.c >&5
configure:5761: $? = 0
configure:5765: test -z 
			 || test ! -s conftest.err
configure:5768: $? = 0
configure:5771: test -s conftest.o
configure:5774: $? = 0
configure:5784: result: yes
configure:5788: checking dlfcn.h presence
configure:5798: colorgcc -E  conftest.c
configure:5804: $? = 0
configure:5824: result: yes
configure:5859: checking for dlfcn.h
configure:5866: result: yes
configure:5889: checking how to run the C++ preprocessor
configure:5920: g++ -E  conftest.cc
configure:5926: $? = 0
configure:5958: g++ -E  conftest.cc
conftest.cc:25:28: error: ac_nonexistent.h: No such file or directory
configure:5964: $? = 1
configure: failed program was:
| /* confdefs.h.  */
| 
| #define PACKAGE_NAME "logreplay"
| #define PACKAGE_TARNAME "logreplay"
| #define PACKAGE_VERSION "0.02"
| #define PACKAGE_STRING "logreplay 0.02"
| #define PACKAGE_BUGREPORT "odb@cs.berkeley.edu"
| #define PACKAGE "logreplay"
| #define VERSION "0.02"
| #ifdef __cplusplus
| extern "C" void exit (int) throw ();
| #endif
| #define STDC_HEADERS 1
| #define HAVE_SYS_TYPES_H 1
| #define HAVE_SYS_STAT_H 1
| #define HAVE_STDLIB_H 1
| #define HAVE_STRING_H 1
| #define HAVE_MEMORY_H 1
| #define HAVE_STRINGS_H 1
| #define HAVE_INTTYPES_H 1
| #define HAVE_STDINT_H 1
| #define HAVE_UNISTD_H 1
| #define HAVE_DLFCN_H 1
| /* end confdefs.h.  */
| #include <ac_nonexistent.h>
configure:6003: result: g++ -E
configure:6027: g++ -E  conftest.cc
configure:6033: $? = 0
configure:6065: g++ -E  conftest.cc
conftest.cc:25:28: error: ac_nonexistent.h: No such file or directory
configure:6071: $? = 1
configure: failed program was:
| /* confdefs.h.  */
| 
| #define PACKAGE_NAME "logreplay"
| #define PACKAGE_TARNAME "logreplay"
| #define PACKAGE_VERSION "0.02"
| #define PACKAGE_STRING "logreplay 0.02"
| #define PACKAGE_BUGREPORT "odb@cs.berkeley.edu"
| #define PACKAGE "logreplay"
| #define VERSION "0.02"
| #ifdef __cplusplus
| extern "C" void exit (int) throw ();
| #endif
| #define STDC_HEADERS 1
| #define HAVE_SYS_TYPES_H 1
| #define HAVE_SYS_STAT_H 1
| #define HAVE_STDLIB_H 1
| #define HAVE_STRING_H 1
| #define HAVE_MEMORY_H 1
| #define HAVE_STRINGS_H 1
| #define HAVE_INTTYPES_H 1
| #define HAVE_STDINT_H 1
| #define HAVE_UNISTD_H 1
| #define HAVE_DLFCN_H 1
| /* end confdefs.h.  */
| #include <ac_nonexistent.h>
configure:6168: checking for g77
configure:6197: result: no
configure:6168: checking for f77
configure:6197: result: no
configure:6168: checking for xlf
configure:6197: result: no
configure:6168: checking for frt
configure:6197: result: no
configure:6168: checking for pgf77
configure:6197: result: no
configure:6168: checking for fort77
configure:6197: result: no
configure:6168: checking for fl32
configure:6197: result: no
configure:6168: checking for af77
configure:6197: result: no
configure:6168: checking for f90
configure:6197: result: no
configure:6168: checking for xlf90
configure:6197: result: no
configure:6168: checking for pgf90
configure:6197: result: no
configure:6168: checking for epcf90
configure:6197: result: no
configure:6168: checking for f95
configure:6197: result: no
configure:6168: checking for fort
configure:6197: result: no
configure:6168: checking for xlf95
configure:6197: result: no
configure:6168: checking for ifc
configure:6197: result: no
configure:6168: checking for efc
configure:6197: result: no
configure:6168: checking for pgf95
configure:6197: result: no
configure:6168: checking for lf95
configure:6197: result: no
configure:6168: checking for gfortran
configure:6197: result: no
configure:6209: checking for Fortran 77 compiler version
configure:6212:  --version </dev/null >&5
./configure: line 6213: --version: command not found
configure:6215: $? = 127
configure:6217:  -v </dev/null >&5
./configure: line 6218: -v: command not found
configure:6220: $? = 127
configure:6222:  -V </dev/null >&5
./configure: line 6223: -V: command not found
configure:6225: $? = 127
configure:6233: checking whether we are using the GNU Fortran 77 compiler
configure:6247:  -c  conftest.F >&5
./configure: line 6248: -c: command not found
configure:6253: $? = 127
configure: failed program was:
|       program main
| #ifndef __GNUC__
|        choke me
| #endif
| 
|       end
configure:6279: result: no
configure:6285: checking whether  accepts -g
configure:6297:  -c -g conftest.f >&5
./configure: line 6298: -c: command not found
configure:6303: $? = 127
configure: failed program was:
|       program main
| 
|       end
configure:6328: result: no
configure:6358: checking the maximum length of command line arguments
configure:6450: result: 32768
configure:6461: checking command to parse /usr/bin/nm -B output from colorgcc object
configure:6557: colorgcc -c -g -Wall  conftest.c >&5
configure:6560: $? = 0
configure:6564: /usr/bin/nm -B conftest.o \| sed -n -e 's/^.*[ 	]\([ABCDGIRSTW][ABCDGIRSTW]*\)[ 	][ 	]*\([_A-Za-z][_A-Za-z0-9]*\)$/\1 \2 \2/p' \> conftest.nm
configure:6567: $? = 0
configure:6619: colorgcc -o conftest -g -Wall   conftest.c conftstm.o >&5
configure:6622: $? = 0
configure:6660: result: ok
configure:6664: checking for objdir
configure:6679: result: .libs
configure:6769: checking for ar
configure:6785: found /usr/bin/ar
configure:6796: result: ar
configure:6849: checking for ranlib
configure:6865: found /usr/bin/ranlib
configure:6876: result: ranlib
configure:6929: checking for strip
configure:6945: found /usr/bin/strip
configure:6956: result: strip
configure:7243: checking if colorgcc static flag  works
configure:7271: result: yes
configure:7289: checking if colorgcc supports -fno-rtti -fno-exceptions
configure:7307: colorgcc -c -g -Wall  -fno-rtti -fno-exceptions conftest.c >&5
cc1: warning: command line option "-fno-rtti" is valid for C++/ObjC++ but not for C
configure:7311: $? = 0
configure:7324: result: no
configure:7339: checking for colorgcc option to produce PIC
configure:7543: result: -fPIC
configure:7551: checking if colorgcc PIC flag -fPIC works
configure:7569: colorgcc -c -g -Wall  -fPIC -DPIC conftest.c >&5
configure:7573: $? = 0
configure:7586: result: yes
configure:7610: checking if colorgcc supports -c -o file.o
configure:7631: colorgcc -c -g -Wall  -o out/conftest2.o conftest.c >&5
configure:7635: $? = 0
configure:7657: result: yes
configure:7683: checking whether the colorgcc linker (/usr/bin/ld) supports shared libraries
configure:8578: result: yes
configure:8604: checking whether -lc should be explicitly linked in
configure:8609: colorgcc -c -g -Wall  conftest.c >&5
configure:8612: $? = 0
configure:8626: colorgcc -shared conftest.o  -v -Wl,-soname -Wl,conftest -o conftest 2\>\&1 \| grep  -lc  \>/dev/null 2\>\&1
configure:8629: $? = 0
configure:8641: result: no
configure:8649: checking dynamic linker characteristics
configure:9212: result: GNU/Linux ld.so
configure:9216: checking how to hardcode library paths into programs
configure:9241: result: immediate
configure:9255: checking whether stripping libraries is possible
configure:9260: result: yes
configure:10090: checking if libtool supports shared libraries
configure:10092: result: yes
configure:10095: checking whether to build shared libraries
configure:10116: result: yes
configure:10119: checking whether to build static libraries
configure:10123: result: yes
configure:10215: creating libtool
configure:10793: checking for ld used by g++
configure:10860: result: /usr/bin/ld
configure:10869: checking if the linker (/usr/bin/ld) is GNU ld
configure:10884: result: yes
configure:10935: checking whether the g++ linker (/usr/bin/ld) supports shared libraries
configure:11822: result: yes
configure:11840: g++ -c -g -O2  conftest.cc >&5
configure:11843: $? = 0
configure:11939: checking for g++ option to produce PIC
configure:12207: result: -fPIC
configure:12215: checking if g++ PIC flag -fPIC works
configure:12233: g++ -c -g -O2  -fPIC -DPIC conftest.cc >&5
configure:12237: $? = 0
configure:12250: result: yes
configure:12274: checking if g++ supports -c -o file.o
configure:12295: g++ -c -g -O2  -o out/conftest2.o conftest.cc >&5
configure:12299: $? = 0
configure:12321: result: yes
configure:12347: checking whether the g++ linker (/usr/bin/ld) supports shared libraries
configure:12372: result: yes
configure:12443: checking dynamic linker characteristics
configure:13006: result: GNU/Linux ld.so
configure:13010: checking how to hardcode library paths into programs
configure:13035: result: immediate
configure:13049: checking whether stripping libraries is possible
configure:13054: result: yes
configure:20596: checking for dlsym in -ldl
configure:20626: colorgcc -o conftest -g -Wall   conftest.c -ldl   >&5
configure:20632: $? = 0
configure:20636: test -z 
			 || test ! -s conftest.err
configure:20639: $? = 0
configure:20642: test -s conftest
configure:20645: $? = 0
configure:20658: result: yes
configure:20671: checking for pthread_create in -lpthread
configure:20701: colorgcc -o conftest -g -Wall   conftest.c -lpthread  -ldl  >&5
configure:20707: $? = 0
configure:20711: test -z 
			 || test ! -s conftest.err
configure:20714: $? = 0
configure:20717: test -s conftest
configure:20720: $? = 0
configure:20733: result: yes
configure:20754: checking for dirent.h that defines DIR
configure:20778: colorgcc -c -g -Wall  conftest.c >&5
configure:20784: $? = 0
configure:20788: test -z 
			 || test ! -s conftest.err
configure:20791: $? = 0
configure:20794: test -s conftest.o
configure:20797: $? = 0
configure:20808: result: yes
configure:20821: checking for library containing opendir
configure:20851: colorgcc -o conftest -g -Wall   conftest.c -lpthread -ldl  >&5
configure:20857: $? = 0
configure:20861: test -z 
			 || test ! -s conftest.err
configure:20864: $? = 0
configure:20867: test -s conftest
configure:20870: $? = 0
configure:20940: result: none required
configure:21076: checking for ANSI C header files
configure:21232: result: yes
configure:21242: checking for sys/wait.h that is POSIX.1 compatible
configure:21273: colorgcc -c -g -Wall  conftest.c >&5
configure:21279: $? = 0
configure:21283: test -z 
			 || test ! -s conftest.err
configure:21286: $? = 0
configure:21289: test -s conftest.o
configure:21292: $? = 0
configure:21303: result: yes
configure:21342: checking arpa/inet.h usability
configure:21354: colorgcc -c -g -Wall  conftest.c >&5
configure:21360: $? = 0
configure:21364: test -z 
			 || test ! -s conftest.err
configure:21367: $? = 0
configure:21370: test -s conftest.o
configure:21373: $? = 0
configure:21383: result: yes
configure:21387: checking arpa/inet.h presence
configure:21397: colorgcc -E  conftest.c
configure:21403: $? = 0
configure:21423: result: yes
configure:21458: checking for arpa/inet.h
configure:21465: result: yes
configure:21342: checking fcntl.h usability
configure:21354: colorgcc -c -g -Wall  conftest.c >&5
configure:21360: $? = 0
configure:21364: test -z 
			 || test ! -s conftest.err
configure:21367: $? = 0
configure:21370: test -s conftest.o
configure:21373: $? = 0
configure:21383: result: yes
configure:21387: checking fcntl.h presence
configure:21397: colorgcc -E  conftest.c
configure:21403: $? = 0
configure:21423: result: yes
configure:21458: checking for fcntl.h
configure:21465: result: yes
configure:21333: checking for inttypes.h
configure:21338: result: yes
configure:21342: checking limits.h usability
configure:21354: colorgcc -c -g -Wall  conftest.c >&5
configure:21360: $? = 0
configure:21364: test -z 
			 || test ! -s conftest.err
configure:21367: $? = 0
configure:21370: test -s conftest.o
configure:21373: $? = 0
configure:21383: result: yes
configure:21387: checking limits.h presence
configure:21397: colorgcc -E  conftest.c
configure:21403: $? = 0
configure:21423: result: yes
configure:21458: checking for limits.h
configure:21465: result: yes
configure:21342: checking malloc.h usability
configure:21354: colorgcc -c -g -Wall  conftest.c >&5
configure:21360: $? = 0
configure:21364: test -z 
			 || test ! -s conftest.err
configure:21367: $? = 0
configure:21370: test -s conftest.o
configure:21373: $? = 0
configure:21383: result: yes
configure:21387: checking malloc.h presence
configure:21397: colorgcc -E  conftest.c
configure:21403: $? = 0
configure:21423: result: yes
configure:21458: checking for malloc.h
configure:21465: result: yes
configure:21342: checking netdb.h usability
configure:21354: colorgcc -c -g -Wall  conftest.c >&5
configure:21360: $? = 0
configure:21364: test -z 
			 || test ! -s conftest.err
configure:21367: $? = 0
configure:21370: test -s conftest.o
configure:21373: $? = 0
configure:21383: result: yes
configure:21387: checking netdb.h presence
configure:21397: colorgcc -E  conftest.c
configure:21403: $? = 0
configure:21423: result: yes
configure:21458: checking for netdb.h
configure:21465: result: yes
configure:21342: checking netinet/in.h usability
configure:21354: colorgcc -c -g -Wall  conftest.c >&5
configure:21360: $? = 0
configure:21364: test -z 
			 || test ! -s conftest.err
configure:21367: $? = 0
configure:21370: test -s conftest.o
configure:21373: $? = 0
configure:21383: result: yes
configure:21387: checking netinet/in.h presence
configure:21397: colorgcc -E  conftest.c
configure:21403: $? = 0
configure:21423: result: yes
configure:21458: checking for netinet/in.h
configure:21465: result: yes
configure:21342: checking stddef.h usability
configure:21354: colorgcc -c -g -Wall  conftest.c >&5
configure:21360: $? = 0
configure:21364: test -z 
			 || test ! -s conftest.err
configure:21367: $? = 0
configure:21370: test -s conftest.o
configure:21373: $? = 0
configure:21383: result: yes
configure:21387: checking stddef.h presence
configure:21397: colorgcc -E  conftest.c
configure:21403: $? = 0
configure:21423: result: yes
configure:21458: checking for stddef.h
configure:21465: result: yes
configure:21333: checking for stdint.h
configure:21338: result: yes
configure:21333: checking for stdlib.h
configure:21338: result: yes
configure:21333: checking for string.h
configure:21338: result: yes
configure:21342: checking sys/ioctl.h usability
configure:21354: colorgcc -c -g -Wall  conftest.c >&5
configure:21360: $? = 0
configure:21364: test -z 
			 || test ! -s conftest.err
configure:21367: $? = 0
configure:21370: test -s conftest.o
configure:21373: $? = 0
configure:21383: result: yes
configure:21387: checking sys/ioctl.h presence
configure:21397: colorgcc -E  conftest.c
configure:21403: $? = 0
configure:21423: result: yes
configure:21458: checking for sys/ioctl.h
configure:21465: result: yes
configure:21342: checking sys/socket.h usability
configure:21354: colorgcc -c -g -Wall  conftest.c >&5
configure:21360: $? = 0
configure:21364: test -z 
			 || test ! -s conftest.err
configure:21367: $? = 0
configure:21370: test -s conftest.o
configure:21373: $? = 0
configure:21383: result: yes
configure:21387: checking sys/socket.h presence
configure:21397: colorgcc -E  conftest.c
configure:21403: $? = 0
configure:21423: result: yes
configure:21458: checking for sys/socket.h
configure:21465: result: yes
configure:21342: checking sys/time.h usability
configure:21354: colorgcc -c -g -Wall  conftest.c >&5
configure:21360: $? = 0
configure:21364: test -z 
			 || test ! -s conftest.err
configure:21367: $? = 0
configure:21370: test -s conftest.o
configure:21373: $? = 0
configure:21383: result: yes
configure:21387: checking sys/time.h presence
configure:21397: colorgcc -E  conftest.c
configure:21403: $? = 0
configure:21423: result: yes
configure:21458: checking for sys/time.h
configure:21465: result: yes
configure:21342: checking syslog.h usability
configure:21354: colorgcc -c -g -Wall  conftest.c >&5
configure:21360: $? = 0
configure:21364: test -z 
			 || test ! -s conftest.err
configure:21367: $? = 0
configure:21370: test -s conftest.o
configure:21373: $? = 0
configure:21383: result: yes
configure:21387: checking syslog.h presence
configure:21397: colorgcc -E  conftest.c
configure:21403: $? = 0
configure:21423: result: yes
configure:21458: checking for syslog.h
configure:21465: result: yes
configure:21333: checking for unistd.h
configure:21338: result: yes
configure:21480: checking for an ANSI C-conforming const
configure:21547: colorgcc -c -g -Wall  conftest.c >&5
conftest.c: In function 'main':
conftest.c:73: warning: unused variable 's'
conftest.c:93: warning: unused variable 'foo'
conftest.c:60: warning: unused variable 'zero'
conftest.c:54: warning: unused variable 'x'
configure:21553: $? = 0
configure:21557: test -z 
			 || test ! -s conftest.err
configure:21560: $? = 0
configure:21563: test -s conftest.o
configure:21566: $? = 0
configure:21577: result: yes
configure:21587: checking for mode_t
configure:21611: colorgcc -c -g -Wall  conftest.c >&5
configure:21617: $? = 0
configure:21621: test -z 
			 || test ! -s conftest.err
configure:21624: $? = 0
configure:21627: test -s conftest.o
configure:21630: $? = 0
configure:21641: result: yes
configure:21653: checking for off_t
configure:21677: colorgcc -c -g -Wall  conftest.c >&5
configure:21683: $? = 0
configure:21687: test -z 
			 || test ! -s conftest.err
configure:21690: $? = 0
configure:21693: test -s conftest.o
configure:21696: $? = 0
configure:21707: result: yes
configure:21719: checking for pid_t
configure:21743: colorgcc -c -g -Wall  conftest.c >&5
configure:21749: $? = 0
configure:21753: test -z 
			 || test ! -s conftest.err
configure:21756: $? = 0
configure:21759: test -s conftest.o
configure:21762: $? = 0
configure:21773: result: yes
configure:21785: checking for size_t
configure:21809: colorgcc -c -g -Wall  conftest.c >&5
configure:21815: $? = 0
configure:21819: test -z 
			 || test ! -s conftest.err
configure:21822: $? = 0
configure:21825: test -s conftest.o
configure:21828: $? = 0
configure:21839: result: yes
configure:21851: checking whether sys_siglist is declared
configure:21875: colorgcc -c -g -Wall  conftest.c >&5
conftest.c: In function 'main':
conftest.c:84: error: 'sys_siglist' undeclared (first use in this function)
conftest.c:84: error: (Each undeclared identifier is reported only once
conftest.c:84: error: for each function it appears in.)
conftest.c:84: warning: unused variable 'p'
configure:21881: $? = 1
configure: failed program was:
| /* confdefs.h.  */
| 
| #define PACKAGE_NAME "logreplay"
| #define PACKAGE_TARNAME "logreplay"
| #define PACKAGE_VERSION "0.02"
| #define PACKAGE_STRING "logreplay 0.02"
| #define PACKAGE_BUGREPORT "odb@cs.berkeley.edu"
| #define PACKAGE "logreplay"
| #define VERSION "0.02"
| #ifdef __cplusplus
| extern "C" void exit (int) throw ();
| #endif
| #define STDC_HEADERS 1
| #define HAVE_SYS_TYPES_H 1
| #define HAVE_SYS_STAT_H 1
| #define HAVE_STDLIB_H 1
| #define HAVE_STRING_H 1
| #define HAVE_MEMORY_H 1
| #define HAVE_STRINGS_H 1
| #define HAVE_INTTYPES_H 1
| #define HAVE_STDINT_H 1
| #define HAVE_UNISTD_H 1
| #define HAVE_DLFCN_H 1
| #define HAVE_LIBDL 1
| #define HAVE_LIBPTHREAD 1
| #define HAVE_DIRENT_H 1
| #define STDC_HEADERS 1
| #define HAVE_SYS_WAIT_H 1
| #define HAVE_ARPA_INET_H 1
| #define HAVE_FCNTL_H 1
| #define HAVE_INTTYPES_H 1
| #define HAVE_LIMITS_H 1
| #define HAVE_MALLOC_H 1
| #define HAVE_NETDB_H 1
| #define HAVE_NETINET_IN_H 1
| #define HAVE_STDDEF_H 1
| #define HAVE_STDINT_H 1
| #define HAVE_STDLIB_H 1
| #define HAVE_STRING_H 1
| #define HAVE_SYS_IOCTL_H 1
| #define HAVE_SYS_SOCKET_H 1
| #define HAVE_SYS_TIME_H 1
| #define HAVE_SYSLOG_H 1
| #define HAVE_UNISTD_H 1
| /* end confdefs.h.  */
| #include <stdio.h>
| #if HAVE_SYS_TYPES_H
| # include <sys/types.h>
| #endif
| #if HAVE_SYS_STAT_H
| # include <sys/stat.h>
| #endif
| #if STDC_HEADERS
| # include <stdlib.h>
| # include <stddef.h>
| #else
| # if HAVE_STDLIB_H
| #  include <stdlib.h>
| # endif
| #endif
| #if HAVE_STRING_H
| # if !STDC_HEADERS && HAVE_MEMORY_H
| #  include <memory.h>
| # endif
| # include <string.h>
| #endif
| #if HAVE_STRINGS_H
| # include <strings.h>
| #endif
| #if HAVE_INTTYPES_H
| # include <inttypes.h>
| #else
| # if HAVE_STDINT_H
| #  include <stdint.h>
| # endif
| #endif
| #if HAVE_UNISTD_H
| # include <unistd.h>
| #endif
| int
| main ()
| {
| #ifndef sys_siglist
|   char *p = (char *) sys_siglist;
| #endif
| 
|   ;
|   return 0;
| }
configure:21905: result: no
configure:21923: checking whether time.h and sys/time.h may both be included
configure:21948: colorgcc -c -g -Wall  conftest.c >&5
configure:21954: $? = 0
configure:21958: test -z 
			 || test ! -s conftest.err
configure:21961: $? = 0
configure:21964: test -s conftest.o
configure:21967: $? = 0
configure:21978: result: yes
configure:21988: checking whether struct tm is in sys/time.h or time.h
configure:22011: colorgcc -c -g -Wall  conftest.c >&5
conftest.c: In function 'main':
conftest.c:54: warning: statement with no effect
configure:22017: $? = 0
configure:22021: test -z 
			 || test ! -s conftest.err
configure:22024: $? = 0
configure:22027: test -s conftest.o
configure:22030: $? = 0
configure:22041: result: time.h
configure:22051: checking for uid_t in sys/types.h
configure:22074: result: yes
configure:22089: checking for working volatile
configure:22112: colorgcc -c -g -Wall  conftest.c >&5
conftest.c: In function 'main':
conftest.c:54: warning: unused variable 'y'
conftest.c:53: warning: unused variable 'x'
configure:22118: $? = 0
configure:22122: test -z 
			 || test ! -s conftest.err
configure:22125: $? = 0
configure:22128: test -s conftest.o
configure:22131: $? = 0
configure:22142: result: yes
configure:22152: checking for ptrdiff_t
configure:22176: colorgcc -c -g -Wall  conftest.c >&5
configure:22182: $? = 0
configure:22186: test -z 
			 || test ! -s conftest.err
configure:22189: $? = 0
configure:22192: test -s conftest.o
configure:22195: $? = 0
configure:22206: result: yes
configure:22220: checking whether closedir returns void
configure:22249: colorgcc -o conftest -g -Wall   conftest.c -lpthread -ldl  >&5
configure:22252: $? = 0
configure:22254: ./conftest
configure:22257: $? = 0
configure:22271: result: no
configure:22281: checking for error_at_line
configure:22302: colorgcc -o conftest -g -Wall   conftest.c -lpthread -ldl  >&5
conftest.c: In function 'main':
conftest.c:86: warning: implicit declaration of function 'error_at_line'
configure:22308: $? = 0
configure:22312: test -z 
			 || test ! -s conftest.err
configure:22315: $? = 0
configure:22318: test -s conftest
configure:22321: $? = 0
configure:22333: result: yes
configure:22352: checking for unistd.h
configure:22357: result: yes
configure:22361: checking vfork.h usability
configure:22373: colorgcc -c -g -Wall  conftest.c >&5
conftest.c:84:19: error: vfork.h: No such file or directory
configure:22379: $? = 1
configure: failed program was:
| /* confdefs.h.  */
| 
| #define PACKAGE_NAME "logreplay"
| #define PACKAGE_TARNAME "logreplay"
| #define PACKAGE_VERSION "0.02"
| #define PACKAGE_STRING "logreplay 0.02"
| #define PACKAGE_BUGREPORT "odb@cs.berkeley.edu"
| #define PACKAGE "logreplay"
| #define VERSION "0.02"
| #ifdef __cplusplus
| extern "C" void exit (int) throw ();
| #endif
| #define STDC_HEADERS 1
| #define HAVE_SYS_TYPES_H 1
| #define HAVE_SYS_STAT_H 1
| #define HAVE_STDLIB_H 1
| #define HAVE_STRING_H 1
| #define HAVE_MEMORY_H 1
| #define HAVE_STRINGS_H 1
| #define HAVE_INTTYPES_H 1
| #define HAVE_STDINT_H 1
| #define HAVE_UNISTD_H 1
| #define HAVE_DLFCN_H 1
| #define HAVE_LIBDL 1
| #define HAVE_LIBPTHREAD 1
| #define HAVE_DIRENT_H 1
| #define STDC_HEADERS 1
| #define HAVE_SYS_WAIT_H 1
| #define HAVE_ARPA_INET_H 1
| #define HAVE_FCNTL_H 1
| #define HAVE_INTTYPES_H 1
| #define HAVE_LIMITS_H 1
| #define HAVE_MALLOC_H 1
| #define HAVE_NETDB_H 1
| #define HAVE_NETINET_IN_H 1
| #define HAVE_STDDEF_H 1
| #define HAVE_STDINT_H 1
| #define HAVE_STDLIB_H 1
| #define HAVE_STRING_H 1
| #define HAVE_SYS_IOCTL_H 1
| #define HAVE_SYS_SOCKET_H 1
| #define HAVE_SYS_TIME_H 1
| #define HAVE_SYSLOG_H 1
| #define HAVE_UNISTD_H 1
| #define HAVE_DECL_SYS_SIGLIST 0
| #define TIME_WITH_SYS_TIME 1
| #define HAVE_PTRDIFF_T 1
| #define HAVE_UNISTD_H 1
| /* end confdefs.h.  */
| #include <stdio.h>
| #if HAVE_SYS_TYPES_H
| # include <sys/types.h>
| #endif
| #if HAVE_SYS_STAT_H
| # include <sys/stat.h>
| #endif
| #if STDC_HEADERS
| # include <stdlib.h>
| # include <stddef.h>
| #else
| # if HAVE_STDLIB_H
| #  include <stdlib.h>
| # endif
| #endif
| #if HAVE_STRING_H
| # if !STDC_HEADERS && HAVE_MEMORY_H
| #  include <memory.h>
| # endif
| # include <string.h>
| #endif
| #if HAVE_STRINGS_H
| # include <strings.h>
| #endif
| #if HAVE_INTTYPES_H
| # include <inttypes.h>
| #else
| # if HAVE_STDINT_H
| #  include <stdint.h>
| # endif
| #endif
| #if HAVE_UNISTD_H
| # include <unistd.h>
| #endif
| #include <vfork.h>
configure:22402: result: no
configure:22406: checking vfork.h presence
configure:22416: colorgcc -E  conftest.c
conftest.c:50:19: error: vfork.h: No such file or directory
configure:22422: $? = 1
configure: failed program was:
| /* confdefs.h.  */
| 
| #define PACKAGE_NAME "logreplay"
| #define PACKAGE_TARNAME "logreplay"
| #define PACKAGE_VERSION "0.02"
| #define PACKAGE_STRING "logreplay 0.02"
| #define PACKAGE_BUGREPORT "odb@cs.berkeley.edu"
| #define PACKAGE "logreplay"
| #define VERSION "0.02"
| #ifdef __cplusplus
| extern "C" void exit (int) throw ();
| #endif
| #define STDC_HEADERS 1
| #define HAVE_SYS_TYPES_H 1
| #define HAVE_SYS_STAT_H 1
| #define HAVE_STDLIB_H 1
| #define HAVE_STRING_H 1
| #define HAVE_MEMORY_H 1
| #define HAVE_STRINGS_H 1
| #define HAVE_INTTYPES_H 1
| #define HAVE_STDINT_H 1
| #define HAVE_UNISTD_H 1
| #define HAVE_DLFCN_H 1
| #define HAVE_LIBDL 1
| #define HAVE_LIBPTHREAD 1
| #define HAVE_DIRENT_H 1
| #define STDC_HEADERS 1
| #define HAVE_SYS_WAIT_H 1
| #define HAVE_ARPA_INET_H 1
| #define HAVE_FCNTL_H 1
| #define HAVE_INTTYPES_H 1
| #define HAVE_LIMITS_H 1
| #define HAVE_MALLOC_H 1
| #define HAVE_NETDB_H 1
| #define HAVE_NETINET_IN_H 1
| #define HAVE_STDDEF_H 1
| #define HAVE_STDINT_H 1
| #define HAVE_STDLIB_H 1
| #define HAVE_STRING_H 1
| #define HAVE_SYS_IOCTL_H 1
| #define HAVE_SYS_SOCKET_H 1
| #define HAVE_SYS_TIME_H 1
| #define HAVE_SYSLOG_H 1
| #define HAVE_UNISTD_H 1
| #define HAVE_DECL_SYS_SIGLIST 0
| #define TIME_WITH_SYS_TIME 1
| #define HAVE_PTRDIFF_T 1
| #define HAVE_UNISTD_H 1
| /* end confdefs.h.  */
| #include <vfork.h>
configure:22442: result: no
configure:22477: checking for vfork.h
configure:22484: result: no
configure:22502: checking for fork
configure:22559: colorgcc -o conftest -g -Wall   conftest.c -lpthread -ldl  >&5
conftest.c:74: warning: conflicting types for built-in function 'fork'
configure:22565: $? = 0
configure:22569: test -z 
			 || test ! -s conftest.err
configure:22572: $? = 0
configure:22575: test -s conftest
configure:22578: $? = 0
configure:22590: result: yes
configure:22502: checking for vfork
configure:22559: colorgcc -o conftest -g -Wall   conftest.c -lpthread -ldl  >&5
configure:22565: $? = 0
configure:22569: test -z 
			 || test ! -s conftest.err
configure:22572: $? = 0
configure:22575: test -s conftest
configure:22578: $? = 0
configure:22590: result: yes
configure:22601: checking for working fork
configure:22624: colorgcc -o conftest -g -Wall   conftest.c -lpthread -ldl  >&5
conftest.c: In function 'main':
conftest.c:9: warning: implicit declaration of function 'fork'
conftest.c:10: warning: implicit declaration of function 'exit'
conftest.c:10: warning: incompatible implicit declaration of built-in function 'exit'
configure:22627: $? = 0
configure:22629: ./conftest
configure:22632: $? = 0
configure:22646: result: yes
configure:22667: checking for working vfork
configure:22800: result: yes
configure:22831: checking whether getpgrp requires zero arguments
configure:22853: colorgcc -c -g -Wall  conftest.c >&5
conftest.c: In function 'main':
conftest.c:91: error: too many arguments to function 'getpgrp'
configure:22859: $? = 1
configure: failed program was:
| /* confdefs.h.  */
| 
| #define PACKAGE_NAME "logreplay"
| #define PACKAGE_TARNAME "logreplay"
| #define PACKAGE_VERSION "0.02"
| #define PACKAGE_STRING "logreplay 0.02"
| #define PACKAGE_BUGREPORT "odb@cs.berkeley.edu"
| #define PACKAGE "logreplay"
| #define VERSION "0.02"
| #ifdef __cplusplus
| extern "C" void exit (int) throw ();
| #endif
| #define STDC_HEADERS 1
| #define HAVE_SYS_TYPES_H 1
| #define HAVE_SYS_STAT_H 1
| #define HAVE_STDLIB_H 1
| #define HAVE_STRING_H 1
| #define HAVE_MEMORY_H 1
| #define HAVE_STRINGS_H 1
| #define HAVE_INTTYPES_H 1
| #define HAVE_STDINT_H 1
| #define HAVE_UNISTD_H 1
| #define HAVE_DLFCN_H 1
| #define HAVE_LIBDL 1
| #define HAVE_LIBPTHREAD 1
| #define HAVE_DIRENT_H 1
| #define STDC_HEADERS 1
| #define HAVE_SYS_WAIT_H 1
| #define HAVE_ARPA_INET_H 1
| #define HAVE_FCNTL_H 1
| #define HAVE_INTTYPES_H 1
| #define HAVE_LIMITS_H 1
| #define HAVE_MALLOC_H 1
| #define HAVE_NETDB_H 1
| #define HAVE_NETINET_IN_H 1
| #define HAVE_STDDEF_H 1
| #define HAVE_STDINT_H 1
| #define HAVE_STDLIB_H 1
| #define HAVE_STRING_H 1
| #define HAVE_SYS_IOCTL_H 1
| #define HAVE_SYS_SOCKET_H 1
| #define HAVE_SYS_TIME_H 1
| #define HAVE_SYSLOG_H 1
| #define HAVE_UNISTD_H 1
| #define HAVE_DECL_SYS_SIGLIST 0
| #define TIME_WITH_SYS_TIME 1
| #define HAVE_PTRDIFF_T 1
| #define HAVE_UNISTD_H 1
| #define HAVE_FORK 1
| #define HAVE_VFORK 1
| #define HAVE_WORKING_VFORK 1
| #define HAVE_WORKING_FORK 1
| /* end confdefs.h.  */
| #include <stdio.h>
| #if HAVE_SYS_TYPES_H
| # include <sys/types.h>
| #endif
| #if HAVE_SYS_STAT_H
| # include <sys/stat.h>
| #endif
| #if STDC_HEADERS
| # include <stdlib.h>
| # include <stddef.h>
| #else
| # if HAVE_STDLIB_H
| #  include <stdlib.h>
| # endif
| #endif
| #if HAVE_STRING_H
| # if !STDC_HEADERS && HAVE_MEMORY_H
| #  include <memory.h>
| # endif
| # include <string.h>
| #endif
| #if HAVE_STRINGS_H
| # include <strings.h>
| #endif
| #if HAVE_INTTYPES_H
| # include <inttypes.h>
| #else
| # if HAVE_STDINT_H
| #  include <stdint.h>
| # endif
| #endif
| #if HAVE_UNISTD_H
| # include <unistd.h>
| #endif
| int
| main ()
| {
| getpgrp (0);
|   ;
|   return 0;
| }
configure:22884: result: yes
configure:22895: checking whether colorgcc needs -traditional
configure:22937: result: no
configure:22944: checking whether lstat dereferences a symlink specified with a trailing slash
configure:22975: colorgcc -o conftest -g -Wall   conftest.c -lpthread -ldl  >&5
configure:22978: $? = 0
configure:22980: ./conftest
configure:22983: $? = 0
configure:23004: result: yes
configure:23025: checking whether lstat accepts an empty string
configure:23050: colorgcc -o conftest -g -Wall   conftest.c -lpthread -ldl  >&5
configure:23053: $? = 0
configure:23055: ./conftest
configure:23058: $? = 1
configure: program exited with status 1
configure: failed program was:
| /* confdefs.h.  */
| 
| #define PACKAGE_NAME "logreplay"
| #define PACKAGE_TARNAME "logreplay"
| #define PACKAGE_VERSION "0.02"
| #define PACKAGE_STRING "logreplay 0.02"
| #define PACKAGE_BUGREPORT "odb@cs.berkeley.edu"
| #define PACKAGE "logreplay"
| #define VERSION "0.02"
| #ifdef __cplusplus
| extern "C" void exit (int) throw ();
| #endif
| #define STDC_HEADERS 1
| #define HAVE_SYS_TYPES_H 1
| #define HAVE_SYS_STAT_H 1
| #define HAVE_STDLIB_H 1
| #define HAVE_STRING_H 1
| #define HAVE_MEMORY_H 1
| #define HAVE_STRINGS_H 1
| #define HAVE_INTTYPES_H 1
| #define HAVE_STDINT_H 1
| #define HAVE_UNISTD_H 1
| #define HAVE_DLFCN_H 1
| #define HAVE_LIBDL 1
| #define HAVE_LIBPTHREAD 1
| #define HAVE_DIRENT_H 1
| #define STDC_HEADERS 1
| #define HAVE_SYS_WAIT_H 1
| #define HAVE_ARPA_INET_H 1
| #define HAVE_FCNTL_H 1
| #define HAVE_INTTYPES_H 1
| #define HAVE_LIMITS_H 1
| #define HAVE_MALLOC_H 1
| #define HAVE_NETDB_H 1
| #define HAVE_NETINET_IN_H 1
| #define HAVE_STDDEF_H 1
| #define HAVE_STDINT_H 1
| #define HAVE_STDLIB_H 1
| #define HAVE_STRING_H 1
| #define HAVE_SYS_IOCTL_H 1
| #define HAVE_SYS_SOCKET_H 1
| #define HAVE_SYS_TIME_H 1
| #define HAVE_SYSLOG_H 1
| #define HAVE_UNISTD_H 1
| #define HAVE_DECL_SYS_SIGLIST 0
| #define TIME_WITH_SYS_TIME 1
| #define HAVE_PTRDIFF_T 1
| #define HAVE_UNISTD_H 1
| #define HAVE_FORK 1
| #define HAVE_VFORK 1
| #define HAVE_WORKING_VFORK 1
| #define HAVE_WORKING_FORK 1
| #define GETPGRP_VOID 1
| #define LSTAT_FOLLOWS_SLASHED_SYMLINK 1
| /* end confdefs.h.  */
| #include <stdio.h>
| #if HAVE_SYS_TYPES_H
| # include <sys/types.h>
| #endif
| #if HAVE_SYS_STAT_H
| # include <sys/stat.h>
| #endif
| #if STDC_HEADERS
| # include <stdlib.h>
| # include <stddef.h>
| #else
| # if HAVE_STDLIB_H
| #  include <stdlib.h>
| # endif
| #endif
| #if HAVE_STRING_H
| # if !STDC_HEADERS && HAVE_MEMORY_H
| #  include <memory.h>
| # endif
| # include <string.h>
| #endif
| #if HAVE_STRINGS_H
| # include <strings.h>
| #endif
| #if HAVE_INTTYPES_H
| # include <inttypes.h>
| #else
| # if HAVE_STDINT_H
| #  include <stdint.h>
| # endif
| #endif
| #if HAVE_UNISTD_H
| # include <unistd.h>
| #endif
| int
| main ()
| {
| struct stat sbuf;
|   exit (lstat ("", &sbuf) ? 1 : 0);
|   ;
|   return 0;
| }
configure:23072: result: no
configure:23090: checking whether lstat dereferences a symlink specified with a trailing slash
configure:23150: result: yes
configure:23176: checking for stdlib.h
configure:23181: result: yes
configure:23321: checking for GNU libc compatible malloc
configure:23350: colorgcc -o conftest -g -Wall   conftest.c -lpthread -ldl  >&5
configure:23353: $? = 0
configure:23355: ./conftest
configure:23358: $? = 0
configure:23372: result: yes
configure:23402: checking for working memcmp
configure:23450: colorgcc -o conftest -g -Wall   conftest.c -lpthread -ldl  >&5
configure:23453: $? = 0
configure:23455: ./conftest
configure:23458: $? = 0
configure:23472: result: yes
configure:23489: checking for stdlib.h
configure:23494: result: yes
configure:23489: checking for unistd.h
configure:23494: result: yes
configure:23638: checking for getpagesize
configure:23695: colorgcc -o conftest -g -Wall   conftest.c -lpthread -ldl  >&5
configure:23701: $? = 0
configure:23705: test -z 
			 || test ! -s conftest.err
configure:23708: $? = 0
configure:23711: test -s conftest
configure:23714: $? = 0
configure:23726: result: yes
configure:23736: checking for working mmap
configure:23878: colorgcc -o conftest -g -Wall   conftest.c -lpthread -ldl  >&5
configure:23881: $? = 0
configure:23883: ./conftest
configure:23886: $? = 0
configure:23900: result: yes
configure:23926: checking sys/select.h usability
configure:23938: colorgcc -c -g -Wall  conftest.c >&5
configure:23944: $? = 0
configure:23948: test -z 
			 || test ! -s conftest.err
configure:23951: $? = 0
configure:23954: test -s conftest.o
configure:23957: $? = 0
configure:23967: result: yes
configure:23971: checking sys/select.h presence
configure:23981: colorgcc -E  conftest.c
configure:23987: $? = 0
configure:24007: result: yes
configure:24042: checking for sys/select.h
configure:24049: result: yes
configure:23917: checking for sys/socket.h
configure:23922: result: yes
configure:24062: checking types of arguments for select
configure:24095: colorgcc -c -g -Wall  conftest.c >&5
configure:24101: $? = 0
configure:24105: test -z 
			 || test ! -s conftest.err
configure:24108: $? = 0
configure:24111: test -s conftest.o
configure:24114: $? = 0
configure:24130: result: int,fd_set *,struct timeval *
configure:24153: checking for function prototypes
configure:24156: result: yes
configure:24173: checking whether setvbuf arguments are reversed
configure:24198: colorgcc -o conftest -g -Wall   conftest.c -lpthread -ldl  >&5
conftest.c:72: error: conflicting types for 'setvbuf'
/usr/include/stdio.h:312: error: previous declaration of 'setvbuf' was here
configure:24204: $? = 1
configure: failed program was:
| /* confdefs.h.  */
| 
| #define PACKAGE_NAME "logreplay"
| #define PACKAGE_TARNAME "logreplay"
| #define PACKAGE_VERSION "0.02"
| #define PACKAGE_STRING "logreplay 0.02"
| #define PACKAGE_BUGREPORT "odb@cs.berkeley.edu"
| #define PACKAGE "logreplay"
| #define VERSION "0.02"
| #ifdef __cplusplus
| extern "C" void exit (int) throw ();
| #endif
| #define STDC_HEADERS 1
| #define HAVE_SYS_TYPES_H 1
| #define HAVE_SYS_STAT_H 1
| #define HAVE_STDLIB_H 1
| #define HAVE_STRING_H 1
| #define HAVE_MEMORY_H 1
| #define HAVE_STRINGS_H 1
| #define HAVE_INTTYPES_H 1
| #define HAVE_STDINT_H 1
| #define HAVE_UNISTD_H 1
| #define HAVE_DLFCN_H 1
| #define HAVE_LIBDL 1
| #define HAVE_LIBPTHREAD 1
| #define HAVE_DIRENT_H 1
| #define STDC_HEADERS 1
| #define HAVE_SYS_WAIT_H 1
| #define HAVE_ARPA_INET_H 1
| #define HAVE_FCNTL_H 1
| #define HAVE_INTTYPES_H 1
| #define HAVE_LIMITS_H 1
| #define HAVE_MALLOC_H 1
| #define HAVE_NETDB_H 1
| #define HAVE_NETINET_IN_H 1
| #define HAVE_STDDEF_H 1
| #define HAVE_STDINT_H 1
| #define HAVE_STDLIB_H 1
| #define HAVE_STRING_H 1
| #define HAVE_SYS_IOCTL_H 1
| #define HAVE_SYS_SOCKET_H 1
| #define HAVE_SYS_TIME_H 1
| #define HAVE_SYSLOG_H 1
| #define HAVE_UNISTD_H 1
| #define HAVE_DECL_SYS_SIGLIST 0
| #define TIME_WITH_SYS_TIME 1
| #define HAVE_PTRDIFF_T 1
| #define HAVE_UNISTD_H 1
| #define HAVE_FORK 1
| #define HAVE_VFORK 1
| #define HAVE_WORKING_VFORK 1
| #define HAVE_WORKING_FORK 1
| #define GETPGRP_VOID 1
| #define LSTAT_FOLLOWS_SLASHED_SYMLINK 1
| #define LSTAT_FOLLOWS_SLASHED_SYMLINK 1
| #define HAVE_STDLIB_H 1
| #define HAVE_MALLOC 1
| #define HAVE_STDLIB_H 1
| #define HAVE_UNISTD_H 1
| #define HAVE_GETPAGESIZE 1
| #define HAVE_MMAP 1
| #define HAVE_SYS_SELECT_H 1
| #define HAVE_SYS_SOCKET_H 1
| #define SELECT_TYPE_ARG1 int
| #define SELECT_TYPE_ARG234 (fd_set *)
| #define SELECT_TYPE_ARG5 (struct timeval *)
| #define PROTOTYPES 1
| #define __PROTOTYPES 1
| /* end confdefs.h.  */
| #include <stdio.h>
| #	  if PROTOTYPES
| 	   int (setvbuf) (FILE *, int, char *, size_t);
| #	  endif
| int
| main ()
| {
| char buf; return setvbuf (stdout, _IOLBF, &buf, 1);
|   ;
|   return 0;
| }
configure:24325: result: no
configure:24335: checking return type of signal handlers
configure:24366: colorgcc -c -g -Wall  conftest.c >&5
conftest.c: In function 'main':
conftest.c:84: warning: unused variable 'i'
configure:24372: $? = 0
configure:24376: test -z 
			 || test ! -s conftest.err
configure:24379: $? = 0
configure:24382: test -s conftest.o
configure:24385: $? = 0
configure:24396: result: void
configure:24404: checking whether stat accepts an empty string
configure:24429: colorgcc -o conftest -g -Wall   conftest.c -lpthread -ldl  >&5
configure:24432: $? = 0
configure:24434: ./conftest
configure:24437: $? = 1
configure: program exited with status 1
configure: failed program was:
| /* confdefs.h.  */
| 
| #define PACKAGE_NAME "logreplay"
| #define PACKAGE_TARNAME "logreplay"
| #define PACKAGE_VERSION "0.02"
| #define PACKAGE_STRING "logreplay 0.02"
| #define PACKAGE_BUGREPORT "odb@cs.berkeley.edu"
| #define PACKAGE "logreplay"
| #define VERSION "0.02"
| #ifdef __cplusplus
| extern "C" void exit (int) throw ();
| #endif
| #define STDC_HEADERS 1
| #define HAVE_SYS_TYPES_H 1
| #define HAVE_SYS_STAT_H 1
| #define HAVE_STDLIB_H 1
| #define HAVE_STRING_H 1
| #define HAVE_MEMORY_H 1
| #define HAVE_STRINGS_H 1
| #define HAVE_INTTYPES_H 1
| #define HAVE_STDINT_H 1
| #define HAVE_UNISTD_H 1
| #define HAVE_DLFCN_H 1
| #define HAVE_LIBDL 1
| #define HAVE_LIBPTHREAD 1
| #define HAVE_DIRENT_H 1
| #define STDC_HEADERS 1
| #define HAVE_SYS_WAIT_H 1
| #define HAVE_ARPA_INET_H 1
| #define HAVE_FCNTL_H 1
| #define HAVE_INTTYPES_H 1
| #define HAVE_LIMITS_H 1
| #define HAVE_MALLOC_H 1
| #define HAVE_NETDB_H 1
| #define HAVE_NETINET_IN_H 1
| #define HAVE_STDDEF_H 1
| #define HAVE_STDINT_H 1
| #define HAVE_STDLIB_H 1
| #define HAVE_STRING_H 1
| #define HAVE_SYS_IOCTL_H 1
| #define HAVE_SYS_SOCKET_H 1
| #define HAVE_SYS_TIME_H 1
| #define HAVE_SYSLOG_H 1
| #define HAVE_UNISTD_H 1
| #define HAVE_DECL_SYS_SIGLIST 0
| #define TIME_WITH_SYS_TIME 1
| #define HAVE_PTRDIFF_T 1
| #define HAVE_UNISTD_H 1
| #define HAVE_FORK 1
| #define HAVE_VFORK 1
| #define HAVE_WORKING_VFORK 1
| #define HAVE_WORKING_FORK 1
| #define GETPGRP_VOID 1
| #define LSTAT_FOLLOWS_SLASHED_SYMLINK 1
| #define LSTAT_FOLLOWS_SLASHED_SYMLINK 1
| #define HAVE_STDLIB_H 1
| #define HAVE_MALLOC 1
| #define HAVE_STDLIB_H 1
| #define HAVE_UNISTD_H 1
| #define HAVE_GETPAGESIZE 1
| #define HAVE_MMAP 1
| #define HAVE_SYS_SELECT_H 1
| #define HAVE_SYS_SOCKET_H 1
| #define SELECT_TYPE_ARG1 int
| #define SELECT_TYPE_ARG234 (fd_set *)
| #define SELECT_TYPE_ARG5 (struct timeval *)
| #define PROTOTYPES 1
| #define __PROTOTYPES 1
| #define RETSIGTYPE void
| /* end confdefs.h.  */
| #include <stdio.h>
| #if HAVE_SYS_TYPES_H
| # include <sys/types.h>
| #endif
| #if HAVE_SYS_STAT_H
| # include <sys/stat.h>
| #endif
| #if STDC_HEADERS
| # include <stdlib.h>
| # include <stddef.h>
| #else
| # if HAVE_STDLIB_H
| #  include <stdlib.h>
| # endif
| #endif
| #if HAVE_STRING_H
| # if !STDC_HEADERS && HAVE_MEMORY_H
| #  include <memory.h>
| # endif
| # include <string.h>
| #endif
| #if HAVE_STRINGS_H
| # include <strings.h>
| #endif
| #if HAVE_INTTYPES_H
| # include <inttypes.h>
| #else
| # if HAVE_STDINT_H
| #  include <stdint.h>
| # endif
| #endif
| #if HAVE_UNISTD_H
| # include <unistd.h>
| #endif
| int
| main ()
| {
| struct stat sbuf;
|   exit (stat ("", &sbuf) ? 1 : 0);
|   ;
|   return 0;
| }
configure:24451: result: no
configure:24473: checking for vprintf
configure:24530: colorgcc -o conftest -g -Wall   conftest.c -lpthread -ldl  >&5
conftest.c:95: warning: conflicting types for built-in function 'vprintf'
configure:24536: $? = 0
configure:24540: test -z 
			 || test ! -s conftest.err
configure:24543: $? = 0
configure:24546: test -s conftest
configure:24549: $? = 0
configure:24561: result: yes
configure:24568: checking for _doprnt
configure:24625: colorgcc -o conftest -g -Wall   conftest.c -lpthread -ldl  >&5
/tmp/ccY1nub7.o: In function `main':
/home/galtekar/src/logreplay/tools/friday/conftest.c:112: undefined reference to `_doprnt'
/tmp/ccY1nub7.o:(.data+0x0): undefined reference to `_doprnt'
collect2: ld returned 1 exit status
configure:24631: $? = 1
configure: failed program was:
| /* confdefs.h.  */
| 
| #define PACKAGE_NAME "logreplay"
| #define PACKAGE_TARNAME "logreplay"
| #define PACKAGE_VERSION "0.02"
| #define PACKAGE_STRING "logreplay 0.02"
| #define PACKAGE_BUGREPORT "odb@cs.berkeley.edu"
| #define PACKAGE "logreplay"
| #define VERSION "0.02"
| #ifdef __cplusplus
| extern "C" void exit (int) throw ();
| #endif
| #define STDC_HEADERS 1
| #define HAVE_SYS_TYPES_H 1
| #define HAVE_SYS_STAT_H 1
| #define HAVE_STDLIB_H 1
| #define HAVE_STRING_H 1
| #define HAVE_MEMORY_H 1
| #define HAVE_STRINGS_H 1
| #define HAVE_INTTYPES_H 1
| #define HAVE_STDINT_H 1
| #define HAVE_UNISTD_H 1
| #define HAVE_DLFCN_H 1
| #define HAVE_LIBDL 1
| #define HAVE_LIBPTHREAD 1
| #define HAVE_DIRENT_H 1
| #define STDC_HEADERS 1
| #define HAVE_SYS_WAIT_H 1
| #define HAVE_ARPA_INET_H 1
| #define HAVE_FCNTL_H 1
| #define HAVE_INTTYPES_H 1
| #define HAVE_LIMITS_H 1
| #define HAVE_MALLOC_H 1
| #define HAVE_NETDB_H 1
| #define HAVE_NETINET_IN_H 1
| #define HAVE_STDDEF_H 1
| #define HAVE_STDINT_H 1
| #define HAVE_STDLIB_H 1
| #define HAVE_STRING_H 1
| #define HAVE_SYS_IOCTL_H 1
| #define HAVE_SYS_SOCKET_H 1
| #define HAVE_SYS_TIME_H 1
| #define HAVE_SYSLOG_H 1
| #define HAVE_UNISTD_H 1
| #define HAVE_DECL_SYS_SIGLIST 0
| #define TIME_WITH_SYS_TIME 1
| #define HAVE_PTRDIFF_T 1
| #define HAVE_UNISTD_H 1
| #define HAVE_FORK 1
| #define HAVE_VFORK 1
| #define HAVE_WORKING_VFORK 1
| #define HAVE_WORKING_FORK 1
| #define GETPGRP_VOID 1
| #define LSTAT_FOLLOWS_SLASHED_SYMLINK 1
| #define LSTAT_FOLLOWS_SLASHED_SYMLINK 1
| #define HAVE_STDLIB_H 1
| #define HAVE_MALLOC 1
| #define HAVE_STDLIB_H 1
| #define HAVE_UNISTD_H 1
| #define HAVE_GETPAGESIZE 1
| #define HAVE_MMAP 1
| #define HAVE_SYS_SELECT_H 1
| #define HAVE_SYS_SOCKET_H 1
| #define SELECT_TYPE_ARG1 int
| #define SELECT_TYPE_ARG234 (fd_set *)
| #define SELECT_TYPE_ARG5 (struct timeval *)
| #define PROTOTYPES 1
| #define __PROTOTYPES 1
| #define RETSIGTYPE void
| #define HAVE_VPRINTF 1
| /* end confdefs.h.  */
| /* Define _doprnt to an innocuous variant, in case <limits.h> declares _doprnt.
|    For example, HP-UX 11i <limits.h> declares gettimeofday.  */
| #define _doprnt innocuous__doprnt
| 
| /* System header to define __stub macros and hopefully few prototypes,
|     which can conflict with char _doprnt (); below.
|     Prefer <limits.h> to <assert.h> if __STDC__ is defined, since
|     <limits.h> exists even on freestanding compilers.  */
| 
| #ifdef __STDC__
| # include <limits.h>
| #else
| # include <assert.h>
| #endif
| 
| #undef _doprnt
| 
| /* Override any gcc2 internal prototype to avoid an error.  */
| #ifdef __cplusplus
| extern "C"
| {
| #endif
| /* We use char because int might match the return type of a gcc2
|    builtin and then its argument prototype would still apply.  */
| char _doprnt ();
| /* The GNU C library defines this for functions which it implements
|     to always fail with ENOSYS.  Some functions are actually named
|     something starting with __ and the normal name is an alias.  */
| #if defined (__stub__doprnt) || defined (__stub____doprnt)
| choke me
| #else
| char (*f) () = _doprnt;
| #endif
| #ifdef __cplusplus
| }
| #endif
| 
| int
| main ()
| {
| return f != _doprnt;
|   ;
|   return 0;
| }
configure:24656: result: no
configure:24696: checking for alarm
configure:24753: colorgcc -o conftest -g -Wall   conftest.c -lpthread -ldl  >&5
configure:24759: $? = 0
configure:24763: test -z 
			 || test ! -s conftest.err
configure:24766: $? = 0
configure:24769: test -s conftest
configure:24772: $? = 0
configure:24784: result: yes
configure:24696: checking for bzero
configure:24753: colorgcc -o conftest -g -Wall   conftest.c -lpthread -ldl  >&5
conftest.c:97: warning: conflicting types for built-in function 'bzero'
configure:24759: $? = 0
configure:24763: test -z 
			 || test ! -s conftest.err
configure:24766: $? = 0
configure:24769: test -s conftest
configure:24772: $? = 0
configure:24784: result: yes
configure:24696: checking for dup2
configure:24753: colorgcc -o conftest -g -Wall   conftest.c -lpthread -ldl  >&5
configure:24759: $? = 0
configure:24763: test -z 
			 || test ! -s conftest.err
configure:24766: $? = 0
configure:24769: test -s conftest
configure:24772: $? = 0
configure:24784: result: yes
configure:24696: checking for fchdir
configure:24753: colorgcc -o conftest -g -Wall   conftest.c -lpthread -ldl  >&5
configure:24759: $? = 0
configure:24763: test -z 
			 || test ! -s conftest.err
configure:24766: $? = 0
configure:24769: test -s conftest
configure:24772: $? = 0
configure:24784: result: yes
configure:24696: checking for getcwd
configure:24753: colorgcc -o conftest -g -Wall   conftest.c -lpthread -ldl  >&5
configure:24759: $? = 0
configure:24763: test -z 
			 || test ! -s conftest.err
configure:24766: $? = 0
configure:24769: test -s conftest
configure:24772: $? = 0
configure:24784: result: yes
configure:24696: checking for gethostbyname
configure:24753: colorgcc -o conftest -g -Wall   conftest.c -lpthread -ldl  >&5
configure:24759: $? = 0
configure:24763: test -z 
			 || test ! -s conftest.err
configure:24766: $? = 0
configure:24769: test -s conftest
configure:24772: $? = 0
configure:24784: result: yes
configure:24696: checking for getpagesize
configure:24784: result: yes
configure:24696: checking for gettimeofday
configure:24753: colorgcc -o conftest -g -Wall   conftest.c -lpthread -ldl  >&5
configure:24759: $? = 0
configure:24763: test -z 
			 || test ! -s conftest.err
configure:24766: $? = 0
configure:24769: test -s conftest
configure:24772: $? = 0
configure:24784: result: yes
configure:24696: checking for inet_ntoa
configure:24753: colorgcc -o conftest -g -Wall   conftest.c -lpthread -ldl  >&5
configure:24759: $? = 0
configure:24763: test -z 
			 || test ! -s conftest.err
configure:24766: $? = 0
configure:24769: test -s conftest
configure:24772: $? = 0
configure:24784: result: yes
configure:24696: checking for memmove
configure:24753: colorgcc -o conftest -g -Wall   conftest.c -lpthread -ldl  >&5
conftest.c:105: warning: conflicting types for built-in function 'memmove'
configure:24759: $? = 0
configure:24763: test -z 
			 || test ! -s conftest.err
configure:24766: $? = 0
configure:24769: test -s conftest
configure:24772: $? = 0
configure:24784: result: yes
configure:24696: checking for memset
configure:24753: colorgcc -o conftest -g -Wall   conftest.c -lpthread -ldl  >&5
conftest.c:106: warning: conflicting types for built-in function 'memset'
configure:24759: $? = 0
configure:24763: test -z 
			 || test ! -s conftest.err
configure:24766: $? = 0
configure:24769: test -s conftest
configure:24772: $? = 0
configure:24784: result: yes
configure:24696: checking for munmap
configure:24753: colorgcc -o conftest -g -Wall   conftest.c -lpthread -ldl  >&5
configure:24759: $? = 0
configure:24763: test -z 
			 || test ! -s conftest.err
configure:24766: $? = 0
configure:24769: test -s conftest
configure:24772: $? = 0
configure:24784: result: yes
configure:24696: checking for regcomp
configure:24753: colorgcc -o conftest -g -Wall   conftest.c -lpthread -ldl  >&5
configure:24759: $? = 0
configure:24763: test -z 
			 || test ! -s conftest.err
configure:24766: $? = 0
configure:24769: test -s conftest
configure:24772: $? = 0
configure:24784: result: yes
configure:24696: checking for select
configure:24753: colorgcc -o conftest -g -Wall   conftest.c -lpthread -ldl  >&5
configure:24759: $? = 0
configure:24763: test -z 
			 || test ! -s conftest.err
configure:24766: $? = 0
configure:24769: test -s conftest
configure:24772: $? = 0
configure:24784: result: yes
configure:24696: checking for socket
configure:24753: colorgcc -o conftest -g -Wall   conftest.c -lpthread -ldl  >&5
configure:24759: $? = 0
configure:24763: test -z 
			 || test ! -s conftest.err
configure:24766: $? = 0
configure:24769: test -s conftest
configure:24772: $? = 0
configure:24784: result: yes
configure:24696: checking for strchr
configure:24753: colorgcc -o conftest -g -Wall   conftest.c -lpthread -ldl  >&5
conftest.c:111: warning: conflicting types for built-in function 'strchr'
configure:24759: $? = 0
configure:24763: test -z 
			 || test ! -s conftest.err
configure:24766: $? = 0
configure:24769: test -s conftest
configure:24772: $? = 0
configure:24784: result: yes
configure:24696: checking for strdup
configure:24753: colorgcc -o conftest -g -Wall   conftest.c -lpthread -ldl  >&5
conftest.c:112: warning: conflicting types for built-in function 'strdup'
configure:24759: $? = 0
configure:24763: test -z 
			 || test ! -s conftest.err
configure:24766: $? = 0
configure:24769: test -s conftest
configure:24772: $? = 0
configure:24784: result: yes
configure:24696: checking for strerror
configure:24753: colorgcc -o conftest -g -Wall   conftest.c -lpthread -ldl  >&5
configure:24759: $? = 0
configure:24763: test -z 
			 || test ! -s conftest.err
configure:24766: $? = 0
configure:24769: test -s conftest
configure:24772: $? = 0
configure:24784: result: yes
configure:24696: checking for strrchr
configure:24753: colorgcc -o conftest -g -Wall   conftest.c -lpthread -ldl  >&5
conftest.c:114: warning: conflicting types for built-in function 'strrchr'
configure:24759: $? = 0
configure:24763: test -z 
			 || test ! -s conftest.err
configure:24766: $? = 0
configure:24769: test -s conftest
configure:24772: $? = 0
configure:24784: result: yes
configure:24696: checking for strstr
configure:24753: colorgcc -o conftest -g -Wall   conftest.c -lpthread -ldl  >&5
conftest.c:115: warning: conflicting types for built-in function 'strstr'
configure:24759: $? = 0
configure:24763: test -z 
			 || test ! -s conftest.err
configure:24766: $? = 0
configure:24769: test -s conftest
configure:24772: $? = 0
configure:24784: result: yes
configure:24696: checking for strtol
configure:24753: colorgcc -o conftest -g -Wall   conftest.c -lpthread -ldl  >&5
configure:24759: $? = 0
configure:24763: test -z 
			 || test ! -s conftest.err
configure:24766: $? = 0
configure:24769: test -s conftest
configure:24772: $? = 0
configure:24784: result: yes
configure:24696: checking for strtoul
configure:24753: colorgcc -o conftest -g -Wall   conftest.c -lpthread -ldl  >&5
configure:24759: $? = 0
configure:24763: test -z 
			 || test ! -s conftest.err
configure:24766: $? = 0
configure:24769: test -s conftest
configure:24772: $? = 0
configure:24784: result: yes
configure:24696: checking for uname
configure:24753: colorgcc -o conftest -g -Wall   conftest.c -lpthread -ldl  >&5
configure:24759: $? = 0
configure:24763: test -z 
			 || test ! -s conftest.err
configure:24766: $? = 0
configure:24769: test -s conftest
configure:24772: $? = 0
configure:24784: result: yes
configure:24920: creating ./config.status

## ---------------- ##
## Cache variables. ##
## ---------------- ##

ac_cv_build=i686-pc-linux-gnu
ac_cv_build_alias=i686-pc-linux-gnu
ac_cv_c_compiler_gnu=yes
ac_cv_c_const=yes
ac_cv_c_volatile=yes
ac_cv_cxx_compiler_gnu=yes
ac_cv_env_CCASFLAGS_set=
ac_cv_env_CCASFLAGS_value=
ac_cv_env_CCAS_set=
ac_cv_env_CCAS_value=
ac_cv_env_CC_set=set
ac_cv_env_CC_value=colorgcc
ac_cv_env_CFLAGS_set=
ac_cv_env_CFLAGS_value=
ac_cv_env_CPPFLAGS_set=
ac_cv_env_CPPFLAGS_value=
ac_cv_env_CPP_set=
ac_cv_env_CPP_value=
ac_cv_env_CXXCPP_set=
ac_cv_env_CXXCPP_value=
ac_cv_env_CXXFLAGS_set=
ac_cv_env_CXXFLAGS_value=
ac_cv_env_CXX_set=
ac_cv_env_CXX_value=
ac_cv_env_F77_set=
ac_cv_env_F77_value=
ac_cv_env_FFLAGS_set=
ac_cv_env_FFLAGS_value=
ac_cv_env_LDFLAGS_set=
ac_cv_env_LDFLAGS_value=
ac_cv_env_build_alias_set=
ac_cv_env_build_alias_value=
ac_cv_env_host_alias_set=
ac_cv_env_host_alias_value=
ac_cv_env_target_alias_set=
ac_cv_env_target_alias_value=
ac_cv_exeext=
ac_cv_f77_compiler_gnu=no
ac_cv_func__doprnt=no
ac_cv_func_alarm=yes
ac_cv_func_bzero=yes
ac_cv_func_closedir_void=no
ac_cv_func_dup2=yes
ac_cv_func_fchdir=yes
ac_cv_func_fork=yes
ac_cv_func_fork_works=yes
ac_cv_func_getcwd=yes
ac_cv_func_gethostbyname=yes
ac_cv_func_getpagesize=yes
ac_cv_func_getpgrp_void=yes
ac_cv_func_gettimeofday=yes
ac_cv_func_inet_ntoa=yes
ac_cv_func_lstat_dereferences_slashed_symlink=yes
ac_cv_func_lstat_empty_string_bug=no
ac_cv_func_malloc_0_nonnull=yes
ac_cv_func_memcmp_working=yes
ac_cv_func_memmove=yes
ac_cv_func_memset=yes
ac_cv_func_mmap_fixed_mapped=yes
ac_cv_func_munmap=yes
ac_cv_func_regcomp=yes
ac_cv_func_select=yes
ac_cv_func_select_args='int,fd_set *,struct timeval *'
ac_cv_func_setvbuf_reversed=no
ac_cv_func_socket=yes
ac_cv_func_stat_empty_string_bug=no
ac_cv_func_strchr=yes
ac_cv_func_strdup=yes
ac_cv_func_strerror=yes
ac_cv_func_strrchr=yes
ac_cv_func_strstr=yes
ac_cv_func_strtol=yes
ac_cv_func_strtoul=yes
ac_cv_func_uname=yes
ac_cv_func_vfork=yes
ac_cv_func_vfork_works=yes
ac_cv_func_vprintf=yes
ac_cv_have_decl_sys_siglist=no
ac_cv_header_arpa_inet_h=yes
ac_cv_header_dirent_dirent_h=yes
ac_cv_header_dlfcn_h=yes
ac_cv_header_fcntl_h=yes
ac_cv_header_inttypes_h=yes
ac_cv_header_limits_h=yes
ac_cv_header_malloc_h=yes
ac_cv_header_memory_h=yes
ac_cv_header_netdb_h=yes
ac_cv_header_netinet_in_h=yes
ac_cv_header_stdc=yes
ac_cv_header_stddef_h=yes
ac_cv_header_stdint_h=yes
ac_cv_header_stdlib_h=yes
ac_cv_header_string_h=yes
ac_cv_header_strings_h=yes
ac_cv_header_sys_ioctl_h=yes
ac_cv_header_sys_select_h=yes
ac_cv_header_sys_socket_h=yes
ac_cv_header_sys_stat_h=yes
ac_cv_header_sys_time_h=yes
ac_cv_header_sys_types_h=yes
ac_cv_header_sys_wait_h=yes
ac_cv_header_syslog_h=yes
ac_cv_header_time=yes
ac_cv_header_unistd_h=yes
ac_cv_header_vfork_h=no
ac_cv_host=i686-pc-linux-gnu
ac_cv_host_alias=i686-pc-linux-gnu
ac_cv_lib_dl_dlsym=yes
ac_cv_lib_error_at_line=yes
ac_cv_lib_pthread_pthread_create=yes
ac_cv_objext=o
ac_cv_path_install='/usr/bin/install -c'
ac_cv_prog_AWK=gawk
ac_cv_prog_CPP='colorgcc -E'
ac_cv_prog_CXXCPP='g++ -E'
ac_cv_prog_ac_ct_AR=ar
ac_cv_prog_ac_ct_CC=colorgcc
ac_cv_prog_ac_ct_CXX=g++
ac_cv_prog_ac_ct_RANLIB=ranlib
ac_cv_prog_ac_ct_STRIP=strip
ac_cv_prog_cc_g=yes
ac_cv_prog_cc_stdc=
ac_cv_prog_cxx_g=yes
ac_cv_prog_egrep='grep -E'
ac_cv_prog_f77_g=no
ac_cv_prog_gcc_traditional=no
ac_cv_prog_make_make_set=yes
ac_cv_search_opendir='none required'
ac_cv_struct_tm=time.h
ac_cv_type_mode_t=yes
ac_cv_type_off_t=yes
ac_cv_type_pid_t=yes
ac_cv_type_ptrdiff_t=yes
ac_cv_type_signal=void
ac_cv_type_size_t=yes
ac_cv_type_uid_t=yes
am_cv_CC_dependencies_compiler_type=gcc3
am_cv_CXX_dependencies_compiler_type=gcc3
lt_cv_deplibs_check_method=pass_all
lt_cv_file_magic_cmd='$MAGIC_CMD'
lt_cv_file_magic_test_file=
lt_cv_ld_reload_flag=-r
lt_cv_objdir=.libs
lt_cv_path_LD=/usr/bin/ld
lt_cv_path_LDCXX=/usr/bin/ld
lt_cv_path_NM='/usr/bin/nm -B'
lt_cv_path_SED=/bin/sed
lt_cv_prog_compiler_c_o=yes
lt_cv_prog_compiler_c_o_CXX=yes
lt_cv_prog_compiler_rtti_exceptions=no
lt_cv_prog_gnu_ld=yes
lt_cv_prog_gnu_ldcxx=yes
lt_cv_sys_global_symbol_pipe='sed -n -e '\''s/^.*[ 	]\([ABCDGIRSTW][ABCDGIRSTW]*\)[ 	][ 	]*\([_A-Za-z][_A-Za-z0-9]*\)$/\1 \2 \2/p'\'''
lt_cv_sys_global_symbol_to_c_name_address='sed -n -e '\''s/^: \([^ ]*\) $/  {\"\1\", (lt_ptr) 0},/p'\'' -e '\''s/^[BCDEGRST] \([^ ]*\) \([^ ]*\)$/  {"\2", (lt_ptr) \&\2},/p'\'''
lt_cv_sys_global_symbol_to_cdecl='sed -n -e '\''s/^. .* \(.*\)$/extern int \1;/p'\'''
lt_cv_sys_max_cmd_len=32768
lt_lt_cv_prog_compiler_c_o='"yes"'
lt_lt_cv_prog_compiler_c_o_CXX='"yes"'
lt_lt_cv_sys_global_symbol_pipe='"sed -n -e '\''s/^.*[ 	]\\([ABCDGIRSTW][ABCDGIRSTW]*\\)[ 	][ 	]*\\([_A-Za-z][_A-Za-z0-9]*\\)\$/\\1 \\2 \\2/p'\''"'
lt_lt_cv_sys_global_symbol_to_c_name_address='"sed -n -e '\''s/^: \\([^ ]*\\) \$/  {\\\"\\1\\\", (lt_ptr) 0},/p'\'' -e '\''s/^[BCDEGRST] \\([^ ]*\\) \\([^ ]*\\)\$/  {\"\\2\", (lt_ptr) \\&\\2},/p'\''"'
lt_lt_cv_sys_global_symbol_to_cdecl='"sed -n -e '\''s/^. .* \\(.*\\)\$/extern int \\1;/p'\''"'

## ----------------- ##
## Output variables. ##
## ----------------- ##

ACLOCAL='${SHELL} /home/galtekar/src/logreplay/tools/friday/missing --run aclocal-1.9'
AMDEPBACKSLASH='\'
AMDEP_FALSE='#'
AMDEP_TRUE=''
AMTAR='${SHELL} /home/galtekar/src/logreplay/tools/friday/missing --run tar'
AR='ar'
AUTOCONF='${SHELL} /home/galtekar/src/logreplay/tools/friday/missing --run autoconf'
AUTOHEADER='${SHELL} /home/galtekar/src/logreplay/tools/friday/missing --run autoheader'
AUTOMAKE='${SHELL} /home/galtekar/src/logreplay/tools/friday/missing --run automake-1.9'
AWK='gawk'
CC='colorgcc'
CCAS='colorgcc'
CCASFLAGS='-g -O2'
CCDEPMODE='depmode=gcc3'
CFLAGS='-g -Wall'
CPP='colorgcc -E'
CPPFLAGS=''
CXX='g++'
CXXCPP='g++ -E'
CXXDEPMODE='depmode=gcc3'
CXXFLAGS='-g -O2'
CYGPATH_W='echo'
DEFS='-DHAVE_CONFIG_H'
DEPDIR='.deps'
ECHO='echo'
ECHO_C=''
ECHO_N='-n'
ECHO_T=''
EGREP='grep -E'
EXEEXT=''
F77=''
FFLAGS=''
INSTALL_DATA='${INSTALL} -m 644'
INSTALL_PROGRAM='${INSTALL}'
INSTALL_SCRIPT='${INSTALL}'
INSTALL_STRIP_PROGRAM='${SHELL} $(install_sh) -c -s'
LDFLAGS=''
LIBOBJS=''
LIBS='-lpthread -ldl '
LIBTOOL='$(SHELL) $(top_builddir)/libtool'
LN_S='ln -s'
LTLIBOBJS=''
MAKEINFO='${SHELL} /home/galtekar/src/logreplay/tools/friday/missing --run makeinfo'
OBJEXT='o'
PACKAGE='logreplay'
PACKAGE_BUGREPORT='odb@cs.berkeley.edu'
PACKAGE_NAME='logreplay'
PACKAGE_STRING='logreplay 0.02'
PACKAGE_TARNAME='logreplay'
PACKAGE_VERSION='0.02'
PATH_SEPARATOR=':'
RANLIB='ranlib'
SET_MAKE=''
SHELL='/bin/sh'
STRIP='strip'
VERSION='0.02'
ac_ct_AR='ar'
ac_ct_CC='colorgcc'
ac_ct_CXX='g++'
ac_ct_F77=''
ac_ct_RANLIB='ranlib'
ac_ct_STRIP='strip'
am__fastdepCC_FALSE='#'
am__fastdepCC_TRUE=''
am__fastdepCXX_FALSE='#'
am__fastdepCXX_TRUE=''
am__include='include'
am__leading_dot='.'
am__quote=''
am__tar='${AMTAR} chof - "$$tardir"'
am__untar='${AMTAR} xf -'
bindir='${exec_prefix}/bin'
build='i686-pc-linux-gnu'
build_alias=''
build_cpu='i686'
build_os='linux-gnu'
build_vendor='pc'
datadir='${prefix}/share'
exec_prefix='${prefix}'
host='i686-pc-linux-gnu'
host_alias=''
host_cpu='i686'
host_os='linux-gnu'
host_vendor='pc'
includedir='${prefix}/include'
infodir='${prefix}/info'
install_sh='/home/galtekar/src/logreplay/tools/friday/install-sh'
libdir='${exec_prefix}/lib'
libexecdir='${exec_prefix}/libexec'
localstatedir='${prefix}/var'
mandir='${prefix}/man'
mkdir_p='mkdir -p --'
oldincludedir='/usr/include'
prefix='/usr/local'
program_transform_name='s,x,x,'
sbindir='${exec_prefix}/sbin'
sharedstatedir='${prefix}/com'
sysconfdir='${prefix}/etc'
target_alias=''

## ----------- ##
## confdefs.h. ##
## ----------- ##

#define GETPGRP_VOID 1
#define HAVE_ALARM 1
#define HAVE_ARPA_INET_H 1
#define HAVE_BZERO 1
#define HAVE_DECL_SYS_SIGLIST 0
#define HAVE_DIRENT_H 1
#define HAVE_DLFCN_H 1
#define HAVE_DUP2 1
#define HAVE_FCHDIR 1
#define HAVE_FCNTL_H 1
#define HAVE_FORK 1
#define HAVE_GETCWD 1
#define HAVE_GETHOSTBYNAME 1
#define HAVE_GETPAGESIZE 1
#define HAVE_GETPAGESIZE 1
#define HAVE_GETTIMEOFDAY 1
#define HAVE_INET_NTOA 1
#define HAVE_INTTYPES_H 1
#define HAVE_INTTYPES_H 1
#define HAVE_LIBDL 1
#define HAVE_LIBPTHREAD 1
#define HAVE_LIMITS_H 1
#define HAVE_MALLOC 1
#define HAVE_MALLOC_H 1
#define HAVE_MEMMOVE 1
#define HAVE_MEMORY_H 1
#define HAVE_MEMSET 1
#define HAVE_MMAP 1
#define HAVE_MUNMAP 1
#define HAVE_NETDB_H 1
#define HAVE_NETINET_IN_H 1
#define HAVE_PTRDIFF_T 1
#define HAVE_REGCOMP 1
#define HAVE_SELECT 1
#define HAVE_SOCKET 1
#define HAVE_STDDEF_H 1
#define HAVE_STDINT_H 1
#define HAVE_STDINT_H 1
#define HAVE_STDLIB_H 1
#define HAVE_STDLIB_H 1
#define HAVE_STDLIB_H 1
#define HAVE_STDLIB_H 1
#define HAVE_STRCHR 1
#define HAVE_STRDUP 1
#define HAVE_STRERROR 1
#define HAVE_STRINGS_H 1
#define HAVE_STRING_H 1
#define HAVE_STRING_H 1
#define HAVE_STRRCHR 1
#define HAVE_STRSTR 1
#define HAVE_STRTOL 1
#define HAVE_STRTOUL 1
#define HAVE_SYSLOG_H 1
#define HAVE_SYS_IOCTL_H 1
#define HAVE_SYS_SELECT_H 1
#define HAVE_SYS_SOCKET_H 1
#define HAVE_SYS_SOCKET_H 1
#define HAVE_SYS_STAT_H 1
#define HAVE_SYS_TIME_H 1
#define HAVE_SYS_TYPES_H 1
#define HAVE_SYS_WAIT_H 1
#define HAVE_UNAME 1
#define HAVE_UNISTD_H 1
#define HAVE_UNISTD_H 1
#define HAVE_UNISTD_H 1
#define HAVE_UNISTD_H 1
#define HAVE_VFORK 1
#define HAVE_VPRINTF 1
#define HAVE_WORKING_FORK 1
#define HAVE_WORKING_VFORK 1
#define LSTAT_FOLLOWS_SLASHED_SYMLINK 1
#define LSTAT_FOLLOWS_SLASHED_SYMLINK 1
#define PACKAGE "logreplay"
#define PACKAGE_BUGREPORT "odb@cs.berkeley.edu"
#define PACKAGE_NAME "logreplay"
#define PACKAGE_STRING "logreplay 0.02"
#define PACKAGE_TARNAME "logreplay"
#define PACKAGE_VERSION "0.02"
#define PROTOTYPES 1
#define RETSIGTYPE void
#define SELECT_TYPE_ARG1 int
#define SELECT_TYPE_ARG234 (fd_set *)
#define SELECT_TYPE_ARG5 (struct timeval *)
#define STDC_HEADERS 1
#define STDC_HEADERS 1
#define TIME_WITH_SYS_TIME 1
#define VERSION "0.02"
#define __PROTOTYPES 1
#endif
#ifdef __cplusplus
extern "C" void exit (int) throw ();

configure: exit 0

## ---------------------- ##
## Running config.status. ##
## ---------------------- ##

This file was extended by logreplay config.status 0.02, which was
generated by GNU Autoconf 2.59.  Invocation command line was

  CONFIG_FILES    = 
  CONFIG_HEADERS  = 
  CONFIG_LINKS    = 
  CONFIG_COMMANDS = 
  $ ./config.status 

on vm0

config.status:722: creating Makefile
config.status:722: creating libckpt/Makefile
config.status:722: creating libcommon/Makefile
config.status:722: creating liblog/Makefile
config.status:722: creating libreplay/Makefile
config.status:722: creating logger/Makefile
config.status:722: creating tests/Makefile
config.status:826: creating config.h
config.status:1108: config.h is unchanged
config.status:1288: executing depfiles commands

## ---------------------- ##
## Running config.status. ##
## ---------------------- ##

This file was extended by logreplay config.status 0.02, which was
generated by GNU Autoconf 2.59.  Invocation command line was

  CONFIG_FILES    = 
  CONFIG_HEADERS  = 
  CONFIG_LINKS    = 
  CONFIG_COMMANDS = 
  $ ./config.status config.h

on vm0

config.status:826: creating config.h
config.status:1108: config.h is unchanged
